Log file opened on Thu Apr 17 16:11:58 2025
Host: bhd0001  pid: 2903  nodeid: 0  nnodes:  1
Gromacs version:    VERSION 4.6.5
Precision:          double
Memory model:       64 bit
MPI library:        thread_mpi
OpenMP support:     enabled
GPU support:        disabled
invsqrt routine:    gmx_software_invsqrt(x)
CPU acceleration:   AVX_256
FFT library:        fftw-3.3.2-sse2
Large file support: enabled
RDTSCP usage:       enabled
Built on:           Fri Feb  7 02:24:36 EST 2025
Built by:           bweight@bhd0001 [CMAKE]
Build OS/arch:      Linux 3.10.0-1160.95.1.el7.x86_64 x86_64
Build CPU vendor:   GenuineIntel
Build CPU brand:    Intel(R) Xeon(R) CPU E5-2680 v3 @ 2.50GHz
Build CPU family:   6   Model: 63   Stepping: 2
Build CPU features: aes apic avx avx2 clfsh cmov cx8 cx16 f16c fma htt lahf_lm mmx msr nonstop_tsc pcid pclmuldq pdcm pdpe1gb popcnt pse rdrnd rdtscp sse2 sse3 sse4.1 sse4.2 ssse3 tdt x2apic
C compiler:         /software/gcc/11.2.0/b1/bin/gcc GNU gcc (GCC) 11.2.0
C compiler flags:   -mavx    -Wextra -Wno-missing-field-initializers -Wno-sign-compare -Wall -Wno-unused -Wunused-value -Wno-unused-parameter -Wno-array-bounds -Wno-maybe-uninitialized -Wno-strict-overflow   -O2 -g -DNDEBUG


                         :-)  G  R  O  M  A  C  S  (-:

                   Great Red Oystrich Makes All Chemists Sane

                            :-)  VERSION 4.6.5  (-:

        Contributions from Mark Abraham, Emile Apol, Rossen Apostolov, 
           Herman J.C. Berendsen, Aldert van Buuren, Pär Bjelkmar,  
     Rudi van Drunen, Anton Feenstra, Gerrit Groenhof, Christoph Junghans, 
        Peter Kasson, Carsten Kutzner, Per Larsson, Pieter Meulenhoff, 
           Teemu Murtola, Szilard Pall, Sander Pronk, Roland Schulz, 
                Michael Shirts, Alfons Sijbers, Peter Tieleman,

               Berk Hess, David van der Spoel, and Erik Lindahl.

       Copyright (c) 1991-2000, University of Groningen, The Netherlands.
         Copyright (c) 2001-2012,2013, The GROMACS development team at
        Uppsala University & The Royal Institute of Technology, Sweden.
            check out http://www.gromacs.org for more information.

         This program is free software; you can redistribute it and/or
       modify it under the terms of the GNU Lesser General Public License
        as published by the Free Software Foundation; either version 2.1
             of the License, or (at your option) any later version.

                       :-)  mdrun (double precision)  (-:


++++ PLEASE READ AND CITE THE FOLLOWING REFERENCE ++++
B. Hess and C. Kutzner and D. van der Spoel and E. Lindahl
GROMACS 4: Algorithms for highly efficient, load-balanced, and scalable
molecular simulation
J. Chem. Theory Comput. 4 (2008) pp. 435-447
-------- -------- --- Thank You --- -------- --------


++++ PLEASE READ AND CITE THE FOLLOWING REFERENCE ++++
D. van der Spoel, E. Lindahl, B. Hess, G. Groenhof, A. E. Mark and H. J. C.
Berendsen
GROMACS: Fast, Flexible and Free
J. Comp. Chem. 26 (2005) pp. 1701-1719
-------- -------- --- Thank You --- -------- --------


++++ PLEASE READ AND CITE THE FOLLOWING REFERENCE ++++
E. Lindahl and B. Hess and D. van der Spoel
GROMACS 3.0: A package for molecular simulation and trajectory analysis
J. Mol. Mod. 7 (2001) pp. 306-317
-------- -------- --- Thank You --- -------- --------


++++ PLEASE READ AND CITE THE FOLLOWING REFERENCE ++++
H. J. C. Berendsen, D. van der Spoel and R. van Drunen
GROMACS: A message-passing parallel molecular dynamics implementation
Comp. Phys. Comm. 91 (1995) pp. 43-56
-------- -------- --- Thank You --- -------- --------

Input Parameters:
   integrator           = md-vv
   nsteps               = 1000
   init-step            = 0
   cutoff-scheme        = Verlet
   ns_type              = Grid
   nstlist              = 20
   ndelta               = 2
   nstcomm              = 100
   comm-mode            = Linear
   nstlog               = 10
   nstxout              = 10
   nstvout              = 10
   nstfout              = 0
   nstcalcenergy        = 10
   nstenergy            = 10
   nstxtcout            = 0
   init-t               = 0
   delta-t              = 0.001
   xtcprec              = 1000
   fourierspacing       = 0.12
   nkx                  = 20
   nky                  = 20
   nkz                  = 20
   pme-order            = 4
   ewald-rtol           = 1e-05
   ewald-geometry       = 0
   epsilon-surface      = 0
   optimize-fft         = FALSE
   ePBC                 = xyz
   bPeriodicMols        = FALSE
   bContinuation        = FALSE
   bShakeSOR            = FALSE
   bElectronicShake     = FALSE
   etc                  = V-rescale
   bPrintNHChains       = FALSE
   nsttcouple           = 20
   epc                  = No
   epctype              = Isotropic
   nstpcouple           = -1
   tau-p                = 1
   ref-p (3x3):
      ref-p[    0]={ 0.00000e+00,  0.00000e+00,  0.00000e+00}
      ref-p[    1]={ 0.00000e+00,  0.00000e+00,  0.00000e+00}
      ref-p[    2]={ 0.00000e+00,  0.00000e+00,  0.00000e+00}
   compress (3x3):
      compress[    0]={ 0.00000e+00,  0.00000e+00,  0.00000e+00}
      compress[    1]={ 0.00000e+00,  0.00000e+00,  0.00000e+00}
      compress[    2]={ 0.00000e+00,  0.00000e+00,  0.00000e+00}
   refcoord-scaling     = No
   posres-com (3):
      posres-com[0]= 0.00000e+00
      posres-com[1]= 0.00000e+00
      posres-com[2]= 0.00000e+00
   posres-comB (3):
      posres-comB[0]= 0.00000e+00
      posres-comB[1]= 0.00000e+00
      posres-comB[2]= 0.00000e+00
   verlet-buffer-drift  = 0.005
   rlist                = 0.9
   rlistlong            = 0.9
   nstcalclr            = 1
   rtpi                 = 0.05
   coulombtype          = PME
   coulomb-modifier     = Potential-shift
   rcoulomb-switch      = 0
   rcoulomb             = 0.9
   vdwtype              = Cut-off
   vdw-modifier         = Potential-shift
   rvdw-switch          = 0
   rvdw                 = 0.9
   epsilon-r            = 1
   epsilon-rf           = inf
   tabext               = 1
   implicit-solvent     = No
   gb-algorithm         = Still
   gb-epsilon-solvent   = 80
   nstgbradii           = 1
   rgbradii             = 1
   gb-saltconc          = 0
   gb-obc-alpha         = 1
   gb-obc-beta          = 0.8
   gb-obc-gamma         = 4.85
   gb-dielectric-offset = 0.009
   sa-algorithm         = Ace-approximation
   sa-surface-tension   = 2.05016
   DispCorr             = No
   bSimTemp             = FALSE
   free-energy          = no
   nwall                = 0
   wall-type            = 9-3
   wall-atomtype[0]     = -1
   wall-atomtype[1]     = -1
   wall-density[0]      = 0
   wall-density[1]      = 0
   wall-ewald-zfac      = 3
   pull                 = no
   rotation             = FALSE
   disre                = No
   disre-weighting      = Conservative
   disre-mixed          = FALSE
   dr-fc                = 1000
   dr-tau               = 0
   nstdisreout          = 100
   orires-fc            = 0
   orires-tau           = 0
   nstorireout          = 100
   dihre-fc             = 0
   em-stepsize          = 0.01
   em-tol               = 10
   niter                = 20
   fc-stepsize          = 0
   nstcgsteep           = 1000
   nbfgscorr            = 10
   ConstAlg             = Lincs
   shake-tol            = 0.0001
   lincs-order          = 4
   lincs-warnangle      = 30
   lincs-iter           = 1
   bd-fric              = 0
   ld-seed              = 1993
   cos-accel            = 0
   deform (3x3):
      deform[    0]={ 0.00000e+00,  0.00000e+00,  0.00000e+00}
      deform[    1]={ 0.00000e+00,  0.00000e+00,  0.00000e+00}
      deform[    2]={ 0.00000e+00,  0.00000e+00,  0.00000e+00}
   adress               = FALSE
   userint1             = 0
   userint2             = 0
   userint3             = 0
   userint4             = 0
   userreal1            = 0
   userreal2            = 0
   userreal3            = 0
   userreal4            = 0
grpopts:
   nrdf:        1272
   ref-t:         300
   tau-t:         0.1
anneal:          No
ann-npoints:           0
   acc:	           0           0           0
   nfreeze:           N           N           N
   energygrp-flags[  0]: 0
   efield-x:
      n = 0
   efield-xt:
      n = 0
   efield-y:
      n = 0
   efield-yt:
      n = 0
   efield-z:
      n = 0
   efield-zt:
      n = 0
   bQMMM                = TRUE
   QMconstraints        = 0
   QMMMscheme           = 0
   scalefactor          = 1
qm-opts:
   ngQM                 = 1
   QMmethod (1):
      QMmethod[-1]=5
   QMbasis (1):
      QMbasis[-1]=2
   QMcharge (1):
      QMcharge[-1]=0
   QMmult (1):
      QMmult[-1]=0
   bSH (1):
      bSH[-1]=FALSE
   CASorbitals (1):
      CASorbitals[-1]=0
   CASelectrons (1):
      CASelectrons[-1]=0
   SAon (1):
      SAon[-1]= 0.00000e+00
   SAon (1):
      SAon[-1]= 0.00000e+00
   SAsteps (1):
      SAsteps[-1]=3
   bOPT (1):
      bOPT[-1]=FALSE
   bTS (1):
      bTS[-1]=FALSE
Using 1 MPI thread
Using 1 OpenMP thread 

Detecting CPU-specific acceleration.
Present hardware specification:
Vendor: GenuineIntel
Brand:  Intel(R) Xeon(R) CPU E5-2680 v3 @ 2.50GHz
Family:  6  Model: 63  Stepping:  2
Features: aes apic avx avx2 clfsh cmov cx8 cx16 f16c fma htt lahf_lm mmx msr nonstop_tsc pcid pclmuldq pdcm pdpe1gb popcnt pse rdrnd rdtscp sse2 sse3 sse4.1 sse4.2 ssse3 tdt x2apic
Acceleration most likely to fit this hardware: AVX_256
Acceleration selected at GROMACS compile time: AVX_256

Will do PME sum in reciprocal space.

++++ PLEASE READ AND CITE THE FOLLOWING REFERENCE ++++
U. Essmann, L. Perera, M. L. Berkowitz, T. Darden, H. Lee and L. G. Pedersen 
A smooth particle mesh Ewald method
J. Chem. Phys. 103 (1995) pp. 8577-8592
-------- -------- --- Thank You --- -------- --------

Will do ordinary reciprocal space Ewald sum.
Using a Gaussian width (1/beta) of 0.288146 nm for Ewald
Cut-off's:   NS: 0.9   Coulomb: 0.9   LJ: 0.9
System total charge: 0.000
Generated table with 3800 data points for Ewald.
Tabscale = 2000 points/nm
Generated table with 3800 data points for LJ6.
Tabscale = 2000 points/nm
Generated table with 3800 data points for LJ12.
Tabscale = 2000 points/nm

Using AVX-256 4x4 non-bonded kernels

Using geometric Lennard-Jones combination rule

Potential shift: LJ r^-12: 3.541 r^-6 1.882, Ewald 1.000e-05
Initialized non-bonded Ewald correction tables, spacing: 6.26e-04 size: 3037

Removing pbc first time

++++ PLEASE READ AND CITE THE FOLLOWING REFERENCE ++++
S. Miyamoto and P. A. Kollman
SETTLE: An Analytical Version of the SHAKE and RATTLE Algorithms for Rigid
Water Models
J. Comp. Chem. 13 (1992) pp. 952-962
-------- -------- --- Thank You --- -------- --------

Center of mass motion removal mode is Linear
We have the following groups for center of mass motion removal:
  0:  rest

++++ PLEASE READ AND CITE THE FOLLOWING REFERENCE ++++
G. Bussi, D. Donadio and M. Parrinello
Canonical sampling through velocity rescaling
J. Chem. Phys. 126 (2007) pp. 014101
-------- -------- --- Thank You --- -------- --------

There are: 636 Atoms

Constraining the starting coordinates (step 0)
RMS relative constraint deviation after constraining: 0.00e+00
Initial temperature: 302.949 K

Started mdrun on node 0 Thu Apr 17 16:11:58 2025

           Step           Time         Lambda
              0        0.00000        0.00000

   Energies (kJ/mol)
        LJ (SR)   Coulomb (SR)   Coul. recip.    Quantum En.      Potential
    1.15165e+03   -9.22414e+03    1.38851e+02   -1.43272e+06   -1.44065e+06
    Kinetic En.   Total Energy  Conserved En.    Temperature Pressure (bar)
    1.60200e+03   -1.43905e+06   -1.43905e+06    3.02949e+02   -1.29113e+03

           Step           Time         Lambda
             10        0.01000        0.00000

   Energies (kJ/mol)
        LJ (SR)   Coulomb (SR)   Coul. recip.    Quantum En.      Potential
    1.24731e+03   -9.07342e+03    1.61472e+02   -1.43277e+06   -1.44043e+06
    Kinetic En.   Total Energy  Conserved En.    Temperature Pressure (bar)
    1.36278e+03   -1.43907e+06   -1.43905e+06    2.57711e+02   -1.54510e+03

           Step           Time         Lambda
             20        0.02000        0.00000

   Energies (kJ/mol)
        LJ (SR)   Coulomb (SR)   Coul. recip.    Quantum En.      Potential
    1.34210e+03   -9.10453e+03    1.45907e+02   -1.43272e+06   -1.44033e+06
    Kinetic En.   Total Energy  Conserved En.    Temperature Pressure (bar)
    1.26727e+03   -1.43907e+06   -1.43905e+06    2.39649e+02   -1.60948e+03

           Step           Time         Lambda
             30        0.03000        0.00000

   Energies (kJ/mol)
        LJ (SR)   Coulomb (SR)   Coul. recip.    Quantum En.      Potential
    1.31106e+03   -9.04767e+03    1.41952e+02   -1.43276e+06   -1.44036e+06
    Kinetic En.   Total Energy  Conserved En.    Temperature Pressure (bar)
    1.48141e+03   -1.43888e+06   -1.43904e+06    2.80144e+02   -1.99728e+02

           Step           Time         Lambda
             40        0.04000        0.00000

Writing checkpoint, step 40 at Thu Apr 17 17:01:39 2025


   Energies (kJ/mol)
        LJ (SR)   Coulomb (SR)   Coul. recip.    Quantum En.      Potential
    1.18347e+03   -8.98680e+03    1.21363e+02   -1.43274e+06   -1.44043e+06
    Kinetic En.   Total Energy  Conserved En.    Temperature Pressure (bar)
    1.54811e+03   -1.43888e+06   -1.43904e+06    2.92758e+02   -7.54587e+02

           Step           Time         Lambda
             50        0.05000        0.00000

   Energies (kJ/mol)
        LJ (SR)   Coulomb (SR)   Coul. recip.    Quantum En.      Potential
    1.08223e+03   -8.85243e+03    1.27083e+02   -1.43273e+06   -1.44037e+06
    Kinetic En.   Total Energy  Conserved En.    Temperature Pressure (bar)
    1.53300e+03   -1.43884e+06   -1.43904e+06    2.89901e+02   -2.74638e+03

           Step           Time         Lambda
             60        0.06000        0.00000

Writing checkpoint, step 60 at Thu Apr 17 17:25:55 2025


   Energies (kJ/mol)
        LJ (SR)   Coulomb (SR)   Coul. recip.    Quantum En.      Potential
    1.01235e+03   -8.78686e+03    1.38457e+02   -1.43274e+06   -1.44038e+06
    Kinetic En.   Total Energy  Conserved En.    Temperature Pressure (bar)
    1.53647e+03   -1.43884e+06   -1.43904e+06    2.90556e+02   -3.07838e+03

           Step           Time         Lambda
             70        0.07000        0.00000

   Energies (kJ/mol)
        LJ (SR)   Coulomb (SR)   Coul. recip.    Quantum En.      Potential
    9.50619e+02   -8.73983e+03    1.28973e+02   -1.43273e+06   -1.44039e+06
    Kinetic En.   Total Energy  Conserved En.    Temperature Pressure (bar)
    1.52436e+03   -1.43887e+06   -1.43904e+06    2.88266e+02   -2.03430e+03

           Step           Time         Lambda
             80        0.08000        0.00000

Writing checkpoint, step 80 at Thu Apr 17 17:50:37 2025


   Energies (kJ/mol)
        LJ (SR)   Coulomb (SR)   Coul. recip.    Quantum En.      Potential
    8.92023e+02   -8.71074e+03    1.13071e+02   -1.43277e+06   -1.44048e+06
    Kinetic En.   Total Energy  Conserved En.    Temperature Pressure (bar)
    1.61194e+03   -1.43887e+06   -1.43904e+06    3.04829e+02   -3.44744e+03

           Step           Time         Lambda
             90        0.09000        0.00000

   Energies (kJ/mol)
        LJ (SR)   Coulomb (SR)   Coul. recip.    Quantum En.      Potential
    8.71745e+02   -8.65280e+03    1.12729e+02   -1.43271e+06   -1.44038e+06
    Kinetic En.   Total Energy  Conserved En.    Temperature Pressure (bar)
    1.52972e+03   -1.43885e+06   -1.43904e+06    2.89281e+02   -4.37504e+03

           Step           Time         Lambda
            100        0.10000        0.00000

Writing checkpoint, step 100 at Thu Apr 17 18:15:04 2025


   Energies (kJ/mol)
        LJ (SR)   Coulomb (SR)   Coul. recip.    Quantum En.      Potential
    8.65713e+02   -8.57938e+03    1.02060e+02   -1.43277e+06   -1.44038e+06
    Kinetic En.   Total Energy  Conserved En.    Temperature Pressure (bar)
    1.53475e+03   -1.43885e+06   -1.43904e+06    2.90231e+02   -3.55736e+03

           Step           Time         Lambda
            110        0.11000        0.00000

   Energies (kJ/mol)
        LJ (SR)   Coulomb (SR)   Coul. recip.    Quantum En.      Potential
    8.20252e+02   -8.55436e+03    1.02549e+02   -1.43272e+06   -1.44036e+06
    Kinetic En.   Total Energy  Conserved En.    Temperature Pressure (bar)
    1.47352e+03   -1.43888e+06   -1.43904e+06    2.78653e+02   -2.71029e+03

           Step           Time         Lambda
            120        0.12000        0.00000

Writing checkpoint, step 120 at Thu Apr 17 18:39:20 2025


   Energies (kJ/mol)
        LJ (SR)   Coulomb (SR)   Coul. recip.    Quantum En.      Potential
    8.14107e+02   -8.59822e+03    1.03782e+02   -1.43275e+06   -1.44043e+06
    Kinetic En.   Total Energy  Conserved En.    Temperature Pressure (bar)
    1.54517e+03   -1.43888e+06   -1.43904e+06    2.92201e+02   -4.34222e+03

           Step           Time         Lambda
            130        0.13000        0.00000

   Energies (kJ/mol)
        LJ (SR)   Coulomb (SR)   Coul. recip.    Quantum En.      Potential
    8.72701e+02   -8.63700e+03    1.13394e+02   -1.43273e+06   -1.44038e+06
    Kinetic En.   Total Energy  Conserved En.    Temperature Pressure (bar)
    1.51039e+03   -1.43887e+06   -1.43904e+06    2.85624e+02   -4.28307e+03

           Step           Time         Lambda
            140        0.14000        0.00000

Writing checkpoint, step 140 at Thu Apr 17 19:04:20 2025


   Energies (kJ/mol)
        LJ (SR)   Coulomb (SR)   Coul. recip.    Quantum En.      Potential
    9.11065e+02   -8.68741e+03    1.11942e+02   -1.43275e+06   -1.44041e+06
    Kinetic En.   Total Energy  Conserved En.    Temperature Pressure (bar)
    1.54710e+03   -1.43887e+06   -1.43904e+06    2.92567e+02   -2.61543e+03

           Step           Time         Lambda
            150        0.15000        0.00000

   Energies (kJ/mol)
        LJ (SR)   Coulomb (SR)   Coul. recip.    Quantum En.      Potential
    9.03234e+02   -8.70733e+03    1.08163e+02   -1.43276e+06   -1.44045e+06
    Kinetic En.   Total Energy  Conserved En.    Temperature Pressure (bar)
    1.54552e+03   -1.43891e+06   -1.43904e+06    2.92268e+02   -2.84399e+03

           Step           Time         Lambda
            160        0.16000        0.00000

Writing checkpoint, step 160 at Thu Apr 17 19:28:25 2025


   Energies (kJ/mol)
        LJ (SR)   Coulomb (SR)   Coul. recip.    Quantum En.      Potential
    8.99770e+02   -8.69661e+03    1.05112e+02   -1.43272e+06   -1.44042e+06
    Kinetic En.   Total Energy  Conserved En.    Temperature Pressure (bar)
    1.51019e+03   -1.43891e+06   -1.43904e+06    2.85586e+02   -4.10775e+03

           Step           Time         Lambda
            170        0.17000        0.00000

   Energies (kJ/mol)
        LJ (SR)   Coulomb (SR)   Coul. recip.    Quantum En.      Potential
    9.03581e+02   -8.74388e+03    1.04398e+02   -1.43275e+06   -1.44049e+06
    Kinetic En.   Total Energy  Conserved En.    Temperature Pressure (bar)
    1.58540e+03   -1.43890e+06   -1.43904e+06    2.99810e+02   -3.66088e+03

           Step           Time         Lambda
            180        0.18000        0.00000

Writing checkpoint, step 180 at Thu Apr 17 19:52:50 2025


   Energies (kJ/mol)
        LJ (SR)   Coulomb (SR)   Coul. recip.    Quantum En.      Potential
    9.40381e+02   -8.78981e+03    1.11652e+02   -1.43272e+06   -1.44046e+06
    Kinetic En.   Total Energy  Conserved En.    Temperature Pressure (bar)
    1.55348e+03   -1.43890e+06   -1.43904e+06    2.93772e+02   -1.98678e+03

           Step           Time         Lambda
            190        0.19000        0.00000

   Energies (kJ/mol)
        LJ (SR)   Coulomb (SR)   Coul. recip.    Quantum En.      Potential
    1.02245e+03   -8.84053e+03    1.19998e+02   -1.43277e+06   -1.44047e+06
    Kinetic En.   Total Energy  Conserved En.    Temperature Pressure (bar)
    1.57422e+03   -1.43889e+06   -1.43904e+06    2.97695e+02   -2.72104e+03

           Step           Time         Lambda
            200        0.20000        0.00000

Writing checkpoint, step 200 at Thu Apr 17 20:17:23 2025


   Energies (kJ/mol)
        LJ (SR)   Coulomb (SR)   Coul. recip.    Quantum En.      Potential
    1.09595e+03   -8.91901e+03    1.24590e+02   -1.43271e+06   -1.44041e+06
    Kinetic En.   Total Energy  Conserved En.    Temperature Pressure (bar)
    1.52160e+03   -1.43889e+06   -1.43904e+06    2.87745e+02   -2.79372e+03

           Step           Time         Lambda
            210        0.21000        0.00000

   Energies (kJ/mol)
        LJ (SR)   Coulomb (SR)   Coul. recip.    Quantum En.      Potential
    1.12218e+03   -8.97967e+03    1.02672e+02   -1.43277e+06   -1.44053e+06
    Kinetic En.   Total Energy  Conserved En.    Temperature Pressure (bar)
    1.63616e+03   -1.43889e+06   -1.43904e+06    3.09407e+02   -1.70788e+03

           Step           Time         Lambda
            220        0.22000        0.00000

Writing checkpoint, step 220 at Thu Apr 17 20:41:25 2025


   Energies (kJ/mol)
        LJ (SR)   Coulomb (SR)   Coul. recip.    Quantum En.      Potential
    1.11846e+03   -8.98448e+03    1.02824e+02   -1.43274e+06   -1.44051e+06
    Kinetic En.   Total Energy  Conserved En.    Temperature Pressure (bar)
    1.61611e+03   -1.43889e+06   -1.43904e+06    3.05616e+02   -1.05947e+03

           Step           Time         Lambda
            230        0.23000        0.00000

   Energies (kJ/mol)
        LJ (SR)   Coulomb (SR)   Coul. recip.    Quantum En.      Potential
    1.09369e+03   -8.99057e+03    1.11971e+02   -1.43273e+06   -1.44052e+06
    Kinetic En.   Total Energy  Conserved En.    Temperature Pressure (bar)
    1.55147e+03   -1.43897e+06   -1.43904e+06    2.93393e+02   -2.75138e+03

           Step           Time         Lambda
            240        0.24000        0.00000

Writing checkpoint, step 240 at Thu Apr 17 21:06:04 2025


   Energies (kJ/mol)
        LJ (SR)   Coulomb (SR)   Coul. recip.    Quantum En.      Potential
    1.05745e+03   -8.92636e+03    1.11166e+02   -1.43274e+06   -1.44050e+06
    Kinetic En.   Total Energy  Conserved En.    Temperature Pressure (bar)
    1.53343e+03   -1.43897e+06   -1.43904e+06    2.89982e+02   -2.95948e+03

           Step           Time         Lambda
            250        0.25000        0.00000

   Energies (kJ/mol)
        LJ (SR)   Coulomb (SR)   Coul. recip.    Quantum En.      Potential
    1.03717e+03   -8.83863e+03    1.09493e+02   -1.43273e+06   -1.44042e+06
    Kinetic En.   Total Energy  Conserved En.    Temperature Pressure (bar)
    1.48830e+03   -1.43893e+06   -1.43904e+06    2.81447e+02   -1.41535e+03

           Step           Time         Lambda
            260        0.26000        0.00000

Writing checkpoint, step 260 at Thu Apr 17 21:29:54 2025


   Energies (kJ/mol)
        LJ (SR)   Coulomb (SR)   Coul. recip.    Quantum En.      Potential
    1.03314e+03   -8.89745e+03    1.00280e+02   -1.43276e+06   -1.44053e+06
    Kinetic En.   Total Energy  Conserved En.    Temperature Pressure (bar)
    1.59420e+03   -1.43893e+06   -1.43904e+06    3.01473e+02   -2.34773e+03

           Step           Time         Lambda
            270        0.27000        0.00000

   Energies (kJ/mol)
        LJ (SR)   Coulomb (SR)   Coul. recip.    Quantum En.      Potential
    1.04167e+03   -8.91004e+03    9.59664e+01   -1.43272e+06   -1.44049e+06
    Kinetic En.   Total Energy  Conserved En.    Temperature Pressure (bar)
    1.52335e+03   -1.43897e+06   -1.43904e+06    2.88076e+02   -3.35954e+03

           Step           Time         Lambda
            280        0.28000        0.00000

Writing checkpoint, step 280 at Thu Apr 17 21:54:54 2025


   Energies (kJ/mol)
        LJ (SR)   Coulomb (SR)   Coul. recip.    Quantum En.      Potential
    1.08078e+03   -8.96245e+03    9.64829e+01   -1.43276e+06   -1.44055e+06
    Kinetic En.   Total Energy  Conserved En.    Temperature Pressure (bar)
    1.57887e+03   -1.43897e+06   -1.43904e+06    2.98575e+02   -2.37329e+03

           Step           Time         Lambda
            290        0.29000        0.00000

   Energies (kJ/mol)
        LJ (SR)   Coulomb (SR)   Coul. recip.    Quantum En.      Potential
    1.11410e+03   -9.03253e+03    9.43993e+01   -1.43273e+06   -1.44055e+06
    Kinetic En.   Total Energy  Conserved En.    Temperature Pressure (bar)
    1.54510e+03   -1.43900e+06   -1.43904e+06    2.92187e+02   -1.17238e+03

           Step           Time         Lambda
            300        0.30000        0.00000

Writing checkpoint, step 300 at Thu Apr 17 22:19:28 2025


   Energies (kJ/mol)
        LJ (SR)   Coulomb (SR)   Coul. recip.    Quantum En.      Potential
    1.11151e+03   -8.99389e+03    9.39239e+01   -1.43276e+06   -1.44055e+06
    Kinetic En.   Total Energy  Conserved En.    Temperature Pressure (bar)
    1.54108e+03   -1.43900e+06   -1.43904e+06    2.91429e+02   -2.59650e+03

           Step           Time         Lambda
            310        0.31000        0.00000

   Energies (kJ/mol)
        LJ (SR)   Coulomb (SR)   Coul. recip.    Quantum En.      Potential
    1.10618e+03   -8.98783e+03    9.91446e+01   -1.43273e+06   -1.44051e+06
    Kinetic En.   Total Energy  Conserved En.    Temperature Pressure (bar)
    1.50340e+03   -1.43900e+06   -1.43904e+06    2.84303e+02   -2.82600e+03

           Step           Time         Lambda
            320        0.32000        0.00000

Writing checkpoint, step 320 at Thu Apr 17 22:44:39 2025


   Energies (kJ/mol)
        LJ (SR)   Coulomb (SR)   Coul. recip.    Quantum En.      Potential
    1.09697e+03   -8.97280e+03    1.10664e+02   -1.43276e+06   -1.44053e+06
    Kinetic En.   Total Energy  Conserved En.    Temperature Pressure (bar)
    1.52120e+03   -1.43901e+06   -1.43904e+06    2.87669e+02   -1.53707e+03

           Step           Time         Lambda
            330        0.33000        0.00000

   Energies (kJ/mol)
        LJ (SR)   Coulomb (SR)   Coul. recip.    Quantum En.      Potential
    1.10079e+03   -9.02983e+03    9.46114e+01   -1.43276e+06   -1.44059e+06
    Kinetic En.   Total Energy  Conserved En.    Temperature Pressure (bar)
    1.58120e+03   -1.43901e+06   -1.43904e+06    2.99015e+02   -1.78982e+03

           Step           Time         Lambda
            340        0.34000        0.00000

Writing checkpoint, step 340 at Thu Apr 17 23:08:41 2025


   Energies (kJ/mol)
        LJ (SR)   Coulomb (SR)   Coul. recip.    Quantum En.      Potential
    1.09915e+03   -8.96943e+03    9.09229e+01   -1.43272e+06   -1.44050e+06
    Kinetic En.   Total Energy  Conserved En.    Temperature Pressure (bar)
    1.49102e+03   -1.43901e+06   -1.43904e+06    2.81961e+02   -2.86808e+03

           Step           Time         Lambda
            350        0.35000        0.00000

   Energies (kJ/mol)
        LJ (SR)   Coulomb (SR)   Coul. recip.    Quantum En.      Potential
    1.06198e+03   -8.93790e+03    1.07445e+02   -1.43276e+06   -1.44053e+06
    Kinetic En.   Total Energy  Conserved En.    Temperature Pressure (bar)
    1.52598e+03   -1.43900e+06   -1.43904e+06    2.88573e+02   -2.71726e+03

           Step           Time         Lambda
            360        0.36000        0.00000

Writing checkpoint, step 360 at Thu Apr 17 23:34:17 2025


   Energies (kJ/mol)
        LJ (SR)   Coulomb (SR)   Coul. recip.    Quantum En.      Potential
    1.07242e+03   -8.95595e+03    1.09150e+02   -1.43272e+06   -1.44049e+06
    Kinetic En.   Total Energy  Conserved En.    Temperature Pressure (bar)
    1.48984e+03   -1.43900e+06   -1.43904e+06    2.81738e+02   -1.18858e+03

           Step           Time         Lambda
            370        0.37000        0.00000

   Energies (kJ/mol)
        LJ (SR)   Coulomb (SR)   Coul. recip.    Quantum En.      Potential
    1.13284e+03   -8.97348e+03    9.88181e+01   -1.43276e+06   -1.44050e+06
    Kinetic En.   Total Energy  Conserved En.    Temperature Pressure (bar)
    1.54687e+03   -1.43896e+06   -1.43904e+06    2.92523e+02   -1.87436e+03

           Step           Time         Lambda
            380        0.38000        0.00000

Writing checkpoint, step 380 at Thu Apr 17 23:58:59 2025


   Energies (kJ/mol)
        LJ (SR)   Coulomb (SR)   Coul. recip.    Quantum En.      Potential
    1.15879e+03   -8.99944e+03    9.69558e+01   -1.43272e+06   -1.44046e+06
    Kinetic En.   Total Energy  Conserved En.    Temperature Pressure (bar)
    1.50799e+03   -1.43896e+06   -1.43904e+06    2.85171e+02   -2.34648e+03

           Step           Time         Lambda
            390        0.39000        0.00000

   Energies (kJ/mol)
        LJ (SR)   Coulomb (SR)   Coul. recip.    Quantum En.      Potential
    1.16650e+03   -9.10296e+03    9.88624e+01   -1.43277e+06   -1.44060e+06
    Kinetic En.   Total Energy  Conserved En.    Temperature Pressure (bar)
    1.64480e+03   -1.43896e+06   -1.43904e+06    3.11042e+02   -1.47144e+03

           Step           Time         Lambda
            400        0.40000        0.00000

Writing checkpoint, step 400 at Fri Apr 18 00:23:46 2025


   Energies (kJ/mol)
        LJ (SR)   Coulomb (SR)   Coul. recip.    Quantum En.      Potential
    1.19714e+03   -9.09643e+03    1.12422e+02   -1.43274e+06   -1.44053e+06
    Kinetic En.   Total Energy  Conserved En.    Temperature Pressure (bar)
    1.56987e+03   -1.43896e+06   -1.43904e+06    2.96873e+02   -5.75285e+02

           Step           Time         Lambda
            410        0.41000        0.00000

   Energies (kJ/mol)
        LJ (SR)   Coulomb (SR)   Coul. recip.    Quantum En.      Potential
    1.21400e+03   -9.07934e+03    1.18095e+02   -1.43274e+06   -1.44049e+06
    Kinetic En.   Total Energy  Conserved En.    Temperature Pressure (bar)
    1.56986e+03   -1.43892e+06   -1.43904e+06    2.96871e+02   -1.77946e+03

           Step           Time         Lambda
            420        0.42000        0.00000

Writing checkpoint, step 420 at Fri Apr 18 00:48:01 2025


   Energies (kJ/mol)
        LJ (SR)   Coulomb (SR)   Coul. recip.    Quantum En.      Potential
    1.22544e+03   -9.14074e+03    1.17636e+02   -1.43274e+06   -1.44054e+06
    Kinetic En.   Total Energy  Conserved En.    Temperature Pressure (bar)
    1.62220e+03   -1.43892e+06   -1.43904e+06    3.06769e+02   -1.70281e+03

           Step           Time         Lambda
            430        0.43000        0.00000

   Energies (kJ/mol)
        LJ (SR)   Coulomb (SR)   Coul. recip.    Quantum En.      Potential
    1.23193e+03   -9.08405e+03    1.31521e+02   -1.43274e+06   -1.44046e+06
    Kinetic En.   Total Energy  Conserved En.    Temperature Pressure (bar)
    1.51688e+03   -1.43894e+06   -1.43904e+06    2.86851e+02   -1.00963e+01

           Step           Time         Lambda
            440        0.44000        0.00000

Writing checkpoint, step 440 at Fri Apr 18 01:13:01 2025


   Energies (kJ/mol)
        LJ (SR)   Coulomb (SR)   Coul. recip.    Quantum En.      Potential
    1.19499e+03   -9.10915e+03    1.08219e+02   -1.43277e+06   -1.44058e+06
    Kinetic En.   Total Energy  Conserved En.    Temperature Pressure (bar)
    1.63277e+03   -1.43894e+06   -1.43904e+06    3.08768e+02   -1.19346e+03

           Step           Time         Lambda
            450        0.45000        0.00000

   Energies (kJ/mol)
        LJ (SR)   Coulomb (SR)   Coul. recip.    Quantum En.      Potential
    1.11608e+03   -9.02733e+03    1.10600e+02   -1.43272e+06   -1.44052e+06
    Kinetic En.   Total Energy  Conserved En.    Temperature Pressure (bar)
    1.53383e+03   -1.43899e+06   -1.43904e+06    2.90057e+02   -2.66356e+03

           Step           Time         Lambda
            460        0.46000        0.00000

Writing checkpoint, step 460 at Fri Apr 18 01:38:32 2025


   Energies (kJ/mol)
        LJ (SR)   Coulomb (SR)   Coul. recip.    Quantum En.      Potential
    1.06086e+03   -9.04560e+03    1.02001e+02   -1.43277e+06   -1.44065e+06
    Kinetic En.   Total Energy  Conserved En.    Temperature Pressure (bar)
    1.66585e+03   -1.43899e+06   -1.43904e+06    3.15022e+02   -2.51486e+03

           Step           Time         Lambda
            470        0.47000        0.00000

   Energies (kJ/mol)
        LJ (SR)   Coulomb (SR)   Coul. recip.    Quantum En.      Potential
    1.06831e+03   -9.03217e+03    1.08207e+02   -1.43272e+06   -1.44058e+06
    Kinetic En.   Total Energy  Conserved En.    Temperature Pressure (bar)
    1.59232e+03   -1.43898e+06   -1.43904e+06    3.01119e+02   -1.26530e+03

           Step           Time         Lambda
            480        0.48000        0.00000

Writing checkpoint, step 480 at Fri Apr 18 02:03:59 2025


   Energies (kJ/mol)
        LJ (SR)   Coulomb (SR)   Coul. recip.    Quantum En.      Potential
    1.10344e+03   -9.00509e+03    1.17700e+02   -1.43275e+06   -1.44054e+06
    Kinetic En.   Total Energy  Conserved En.    Temperature Pressure (bar)
    1.55146e+03   -1.43898e+06   -1.43904e+06    2.93391e+02   -2.40527e+03

           Step           Time         Lambda
            490        0.49000        0.00000

   Energies (kJ/mol)
        LJ (SR)   Coulomb (SR)   Coul. recip.    Quantum En.      Potential
    1.12018e+03   -9.02664e+03    1.14227e+02   -1.43273e+06   -1.44052e+06
    Kinetic En.   Total Energy  Conserved En.    Temperature Pressure (bar)
    1.56320e+03   -1.43896e+06   -1.43904e+06    2.95610e+02   -2.62072e+03

           Step           Time         Lambda
            500        0.50000        0.00000

Writing checkpoint, step 500 at Fri Apr 18 02:29:24 2025


   Energies (kJ/mol)
        LJ (SR)   Coulomb (SR)   Coul. recip.    Quantum En.      Potential
    1.12558e+03   -8.98041e+03    1.08952e+02   -1.43275e+06   -1.44050e+06
    Kinetic En.   Total Energy  Conserved En.    Temperature Pressure (bar)
    1.54331e+03   -1.43896e+06   -1.43904e+06    2.91849e+02   -1.07780e+03

           Step           Time         Lambda
            510        0.51000        0.00000

   Energies (kJ/mol)
        LJ (SR)   Coulomb (SR)   Coul. recip.    Quantum En.      Potential
    1.12064e+03   -8.95882e+03    1.18045e+02   -1.43276e+06   -1.44048e+06
    Kinetic En.   Total Energy  Conserved En.    Temperature Pressure (bar)
    1.56102e+03   -1.43892e+06   -1.43904e+06    2.95199e+02   -1.05869e+03

           Step           Time         Lambda
            520        0.52000        0.00000

Writing checkpoint, step 520 at Fri Apr 18 02:54:07 2025


   Energies (kJ/mol)
        LJ (SR)   Coulomb (SR)   Coul. recip.    Quantum En.      Potential
    1.09744e+03   -9.03115e+03    1.21595e+02   -1.43272e+06   -1.44053e+06
    Kinetic En.   Total Energy  Conserved En.    Temperature Pressure (bar)
    1.61429e+03   -1.43892e+06   -1.43904e+06    3.05273e+02   -2.69618e+03

           Step           Time         Lambda
            530        0.53000        0.00000

   Energies (kJ/mol)
        LJ (SR)   Coulomb (SR)   Coul. recip.    Quantum En.      Potential
    1.08365e+03   -9.05484e+03    1.19977e+02   -1.43276e+06   -1.44061e+06
    Kinetic En.   Total Energy  Conserved En.    Temperature Pressure (bar)
    1.62304e+03   -1.43899e+06   -1.43904e+06    3.06928e+02   -2.55087e+03

           Step           Time         Lambda
            540        0.54000        0.00000

Writing checkpoint, step 540 at Fri Apr 18 03:20:32 2025


   Energies (kJ/mol)
        LJ (SR)   Coulomb (SR)   Coul. recip.    Quantum En.      Potential
    1.10032e+03   -9.05132e+03    1.16180e+02   -1.43272e+06   -1.44056e+06
    Kinetic En.   Total Energy  Conserved En.    Temperature Pressure (bar)
    1.57289e+03   -1.43899e+06   -1.43904e+06    2.97444e+02   -9.21798e+02

           Step           Time         Lambda
            550        0.55000        0.00000

   Energies (kJ/mol)
        LJ (SR)   Coulomb (SR)   Coul. recip.    Quantum En.      Potential
    1.13277e+03   -9.10935e+03    1.15507e+02   -1.43277e+06   -1.44063e+06
    Kinetic En.   Total Energy  Conserved En.    Temperature Pressure (bar)
    1.67094e+03   -1.43896e+06   -1.43904e+06    3.15985e+02   -2.14125e+03

           Step           Time         Lambda
            560        0.56000        0.00000

Writing checkpoint, step 560 at Fri Apr 18 03:45:44 2025


   Energies (kJ/mol)
        LJ (SR)   Coulomb (SR)   Coul. recip.    Quantum En.      Potential
    1.19138e+03   -9.14977e+03    1.18905e+02   -1.43272e+06   -1.44056e+06
    Kinetic En.   Total Energy  Conserved En.    Temperature Pressure (bar)
    1.60022e+03   -1.43896e+06   -1.43904e+06    3.02612e+02   -2.28756e+03

           Step           Time         Lambda
            570        0.57000        0.00000

   Energies (kJ/mol)
        LJ (SR)   Coulomb (SR)   Coul. recip.    Quantum En.      Potential
    1.25583e+03   -9.20280e+03    1.13702e+02   -1.43277e+06   -1.44060e+06
    Kinetic En.   Total Energy  Conserved En.    Temperature Pressure (bar)
    1.61020e+03   -1.43899e+06   -1.43904e+06    3.04499e+02   -7.85669e+02

           Step           Time         Lambda
            580        0.58000        0.00000

Writing checkpoint, step 580 at Fri Apr 18 04:10:27 2025


   Energies (kJ/mol)
        LJ (SR)   Coulomb (SR)   Coul. recip.    Quantum En.      Potential
    1.27627e+03   -9.12977e+03    1.12011e+02   -1.43274e+06   -1.44048e+06
    Kinetic En.   Total Energy  Conserved En.    Temperature Pressure (bar)
    1.49032e+03   -1.43899e+06   -1.43904e+06    2.81830e+02    2.31388e+02

           Step           Time         Lambda
            590        0.59000        0.00000

   Energies (kJ/mol)
        LJ (SR)   Coulomb (SR)   Coul. recip.    Quantum En.      Potential
    1.24878e+03   -9.19926e+03    1.08333e+02   -1.43273e+06   -1.44058e+06
    Kinetic En.   Total Energy  Conserved En.    Temperature Pressure (bar)
    1.61552e+03   -1.43896e+06   -1.43904e+06    3.05506e+02   -1.64100e+03

           Step           Time         Lambda
            600        0.60000        0.00000

Writing checkpoint, step 600 at Fri Apr 18 04:35:40 2025


   Energies (kJ/mol)
        LJ (SR)   Coulomb (SR)   Coul. recip.    Quantum En.      Potential
    1.22286e+03   -9.17171e+03    1.17312e+02   -1.43274e+06   -1.44057e+06
    Kinetic En.   Total Energy  Conserved En.    Temperature Pressure (bar)
    1.61029e+03   -1.43896e+06   -1.43904e+06    3.04516e+02   -1.65772e+03

           Step           Time         Lambda
            610        0.61000        0.00000

   Energies (kJ/mol)
        LJ (SR)   Coulomb (SR)   Coul. recip.    Quantum En.      Potential
    1.22060e+03   -9.13863e+03    1.23601e+02   -1.43273e+06   -1.44053e+06
    Kinetic En.   Total Energy  Conserved En.    Temperature Pressure (bar)
    1.50231e+03   -1.43903e+06   -1.43904e+06    2.84097e+02   -1.55240e+02

           Step           Time         Lambda
            620        0.62000        0.00000

Writing checkpoint, step 620 at Fri Apr 18 05:00:30 2025


   Energies (kJ/mol)
        LJ (SR)   Coulomb (SR)   Coul. recip.    Quantum En.      Potential
    1.20639e+03   -9.18186e+03    1.23668e+02   -1.43277e+06   -1.44062e+06
    Kinetic En.   Total Energy  Conserved En.    Temperature Pressure (bar)
    1.59549e+03   -1.43903e+06   -1.43904e+06    3.01717e+02   -1.17707e+03

           Step           Time         Lambda
            630        0.63000        0.00000

   Energies (kJ/mol)
        LJ (SR)   Coulomb (SR)   Coul. recip.    Quantum En.      Potential
    1.17202e+03   -9.17631e+03    1.15066e+02   -1.43272e+06   -1.44061e+06
    Kinetic En.   Total Energy  Conserved En.    Temperature Pressure (bar)
    1.58546e+03   -1.43902e+06   -1.43904e+06    2.99821e+02   -2.38625e+03

           Step           Time         Lambda
            640        0.64000        0.00000

Writing checkpoint, step 640 at Fri Apr 18 05:25:43 2025


   Energies (kJ/mol)
        LJ (SR)   Coulomb (SR)   Coul. recip.    Quantum En.      Potential
    1.13717e+03   -9.15264e+03    1.20287e+02   -1.43277e+06   -1.44066e+06
    Kinetic En.   Total Energy  Conserved En.    Temperature Pressure (bar)
    1.64334e+03   -1.43902e+06   -1.43904e+06    3.10766e+02   -1.88284e+03

           Step           Time         Lambda
            650        0.65000        0.00000

   Energies (kJ/mol)
        LJ (SR)   Coulomb (SR)   Coul. recip.    Quantum En.      Potential
    1.11922e+03   -9.15669e+03    1.24003e+02   -1.43273e+06   -1.44064e+06
    Kinetic En.   Total Energy  Conserved En.    Temperature Pressure (bar)
    1.58865e+03   -1.43905e+06   -1.43904e+06    3.00425e+02   -9.51735e+02

           Step           Time         Lambda
            660        0.66000        0.00000

Writing checkpoint, step 660 at Fri Apr 18 05:50:50 2025


   Energies (kJ/mol)
        LJ (SR)   Coulomb (SR)   Coul. recip.    Quantum En.      Potential
    1.10722e+03   -9.14362e+03    1.19582e+02   -1.43275e+06   -1.44067e+06
    Kinetic En.   Total Energy  Conserved En.    Temperature Pressure (bar)
    1.61783e+03   -1.43905e+06   -1.43904e+06    3.05942e+02   -2.49530e+03

           Step           Time         Lambda
            670        0.67000        0.00000

   Energies (kJ/mol)
        LJ (SR)   Coulomb (SR)   Coul. recip.    Quantum En.      Potential
    1.10068e+03   -9.11845e+03    1.12836e+02   -1.43273e+06   -1.44063e+06
    Kinetic En.   Total Energy  Conserved En.    Temperature Pressure (bar)
    1.54560e+03   -1.43909e+06   -1.43904e+06    2.92282e+02   -2.86255e+03

           Step           Time         Lambda
            680        0.68000        0.00000

Writing checkpoint, step 680 at Fri Apr 18 06:15:40 2025


   Energies (kJ/mol)
        LJ (SR)   Coulomb (SR)   Coul. recip.    Quantum En.      Potential
    1.09231e+03   -9.12067e+03    1.22611e+02   -1.43276e+06   -1.44066e+06
    Kinetic En.   Total Energy  Conserved En.    Temperature Pressure (bar)
    1.57442e+03   -1.43909e+06   -1.43904e+06    2.97733e+02   -1.57211e+03

           Step           Time         Lambda
            690        0.69000        0.00000

   Energies (kJ/mol)
        LJ (SR)   Coulomb (SR)   Coul. recip.    Quantum En.      Potential
    1.08495e+03   -9.17560e+03    1.24838e+02   -1.43276e+06   -1.44072e+06
    Kinetic En.   Total Energy  Conserved En.    Temperature Pressure (bar)
    1.61973e+03   -1.43910e+06   -1.43904e+06    3.06301e+02   -1.84504e+03

           Step           Time         Lambda
            700        0.70000        0.00000

Writing checkpoint, step 700 at Fri Apr 18 06:41:19 2025


   Energies (kJ/mol)
        LJ (SR)   Coulomb (SR)   Coul. recip.    Quantum En.      Potential
    1.12002e+03   -9.09739e+03    1.26715e+02   -1.43273e+06   -1.44058e+06
    Kinetic En.   Total Energy  Conserved En.    Temperature Pressure (bar)
    1.47341e+03   -1.43910e+06   -1.43904e+06    2.78632e+02   -2.63432e+03

           Step           Time         Lambda
            710        0.71000        0.00000

   Energies (kJ/mol)
        LJ (SR)   Coulomb (SR)   Coul. recip.    Quantum En.      Potential
    1.16430e+03   -9.16051e+03    1.14758e+02   -1.43275e+06   -1.44063e+06
    Kinetic En.   Total Energy  Conserved En.    Temperature Pressure (bar)
    1.66262e+03   -1.43897e+06   -1.43904e+06    3.14412e+02   -1.90156e+03

           Step           Time         Lambda
            720        0.72000        0.00000

Writing checkpoint, step 720 at Fri Apr 18 07:05:50 2025


   Energies (kJ/mol)
        LJ (SR)   Coulomb (SR)   Coul. recip.    Quantum En.      Potential
    1.18381e+03   -9.16191e+03    1.26955e+02   -1.43272e+06   -1.44057e+06
    Kinetic En.   Total Energy  Conserved En.    Temperature Pressure (bar)
    1.59748e+03   -1.43897e+06   -1.43904e+06    3.02094e+02   -2.24823e+02

           Step           Time         Lambda
            730        0.73000        0.00000

   Energies (kJ/mol)
        LJ (SR)   Coulomb (SR)   Coul. recip.    Quantum En.      Potential
    1.16180e+03   -9.17010e+03    1.22157e+02   -1.43277e+06   -1.44065e+06
    Kinetic En.   Total Energy  Conserved En.    Temperature Pressure (bar)
    1.69532e+03   -1.43896e+06   -1.43904e+06    3.20596e+02   -1.60286e+03

           Step           Time         Lambda
            740        0.74000        0.00000

Writing checkpoint, step 740 at Fri Apr 18 07:32:01 2025


   Energies (kJ/mol)
        LJ (SR)   Coulomb (SR)   Coul. recip.    Quantum En.      Potential
    1.11683e+03   -9.13221e+03    1.06801e+02   -1.43272e+06   -1.44063e+06
    Kinetic En.   Total Energy  Conserved En.    Temperature Pressure (bar)
    1.67235e+03   -1.43896e+06   -1.43904e+06    3.16252e+02   -2.53509e+03

           Step           Time         Lambda
            750        0.75000        0.00000

   Energies (kJ/mol)
        LJ (SR)   Coulomb (SR)   Coul. recip.    Quantum En.      Potential
    1.07571e+03   -9.06587e+03    1.06473e+02   -1.43277e+06   -1.44065e+06
    Kinetic En.   Total Energy  Conserved En.    Temperature Pressure (bar)
    1.66051e+03   -1.43899e+06   -1.43905e+06    3.14014e+02   -1.70662e+03

           Step           Time         Lambda
            760        0.76000        0.00000

Writing checkpoint, step 760 at Fri Apr 18 07:57:05 2025


   Energies (kJ/mol)
        LJ (SR)   Coulomb (SR)   Coul. recip.    Quantum En.      Potential
    1.09532e+03   -9.08921e+03    1.12037e+02   -1.43275e+06   -1.44063e+06
    Kinetic En.   Total Energy  Conserved En.    Temperature Pressure (bar)
    1.63780e+03   -1.43899e+06   -1.43905e+06    3.09718e+02   -1.07251e+03

           Step           Time         Lambda
            770        0.77000        0.00000

   Energies (kJ/mol)
        LJ (SR)   Coulomb (SR)   Coul. recip.    Quantum En.      Potential
    1.17789e+03   -9.18009e+03    1.33005e+02   -1.43274e+06   -1.44060e+06
    Kinetic En.   Total Energy  Conserved En.    Temperature Pressure (bar)
    1.64052e+03   -1.43896e+06   -1.43905e+06    3.10232e+02   -2.03001e+03

           Step           Time         Lambda
            780        0.78000        0.00000

Writing checkpoint, step 780 at Fri Apr 18 08:22:29 2025


   Energies (kJ/mol)
        LJ (SR)   Coulomb (SR)   Coul. recip.    Quantum En.      Potential
    1.24408e+03   -9.20607e+03    1.25300e+02   -1.43275e+06   -1.44058e+06
    Kinetic En.   Total Energy  Conserved En.    Temperature Pressure (bar)
    1.62007e+03   -1.43896e+06   -1.43905e+06    3.06365e+02   -1.54354e+03

           Step           Time         Lambda
            790        0.79000        0.00000

   Energies (kJ/mol)
        LJ (SR)   Coulomb (SR)   Coul. recip.    Quantum En.      Potential
    1.25904e+03   -9.17089e+03    1.27839e+02   -1.43273e+06   -1.44052e+06
    Kinetic En.   Total Energy  Conserved En.    Temperature Pressure (bar)
    1.57960e+03   -1.43894e+06   -1.43905e+06    2.98712e+02    2.57221e+02

           Step           Time         Lambda
            800        0.80000        0.00000

Writing checkpoint, step 800 at Fri Apr 18 08:47:42 2025


   Energies (kJ/mol)
        LJ (SR)   Coulomb (SR)   Coul. recip.    Quantum En.      Potential
    1.23892e+03   -9.16758e+03    1.27270e+02   -1.43277e+06   -1.44057e+06
    Kinetic En.   Total Energy  Conserved En.    Temperature Pressure (bar)
    1.62973e+03   -1.43894e+06   -1.43905e+06    3.08192e+02   -6.88117e+02

           Step           Time         Lambda
            810        0.81000        0.00000

   Energies (kJ/mol)
        LJ (SR)   Coulomb (SR)   Coul. recip.    Quantum En.      Potential
    1.19784e+03   -9.21821e+03    1.21687e+02   -1.43272e+06   -1.44062e+06
    Kinetic En.   Total Energy  Conserved En.    Temperature Pressure (bar)
    1.71801e+03   -1.43890e+06   -1.43905e+06    3.24886e+02   -1.93396e+03

           Step           Time         Lambda
            820        0.82000        0.00000

Writing checkpoint, step 820 at Fri Apr 18 09:12:31 2025


   Energies (kJ/mol)
        LJ (SR)   Coulomb (SR)   Coul. recip.    Quantum En.      Potential
    1.20156e+03   -9.20138e+03    1.00389e+02   -1.43277e+06   -1.44067e+06
    Kinetic En.   Total Energy  Conserved En.    Temperature Pressure (bar)
    1.76693e+03   -1.43890e+06   -1.43905e+06    3.34138e+02   -1.03199e+03

           Step           Time         Lambda
            830        0.83000        0.00000

   Energies (kJ/mol)
        LJ (SR)   Coulomb (SR)   Coul. recip.    Quantum En.      Potential
    1.22910e+03   -9.17087e+03    9.42366e+01   -1.43272e+06   -1.44057e+06
    Kinetic En.   Total Energy  Conserved En.    Temperature Pressure (bar)
    1.65076e+03   -1.43892e+06   -1.43905e+06    3.12169e+02    1.63137e+02

           Step           Time         Lambda
            840        0.84000        0.00000

Writing checkpoint, step 840 at Fri Apr 18 09:36:33 2025


   Energies (kJ/mol)
        LJ (SR)   Coulomb (SR)   Coul. recip.    Quantum En.      Potential
    1.22622e+03   -9.14705e+03    1.14629e+02   -1.43275e+06   -1.44056e+06
    Kinetic En.   Total Energy  Conserved En.    Temperature Pressure (bar)
    1.63638e+03   -1.43892e+06   -1.43905e+06    3.09449e+02   -1.35212e+03

           Step           Time         Lambda
            850        0.85000        0.00000

   Energies (kJ/mol)
        LJ (SR)   Coulomb (SR)   Coul. recip.    Quantum En.      Potential
    1.16542e+03   -9.19438e+03    1.05564e+02   -1.43273e+06   -1.44065e+06
    Kinetic En.   Total Energy  Conserved En.    Temperature Pressure (bar)
    1.63199e+03   -1.43902e+06   -1.43905e+06    3.08620e+02   -2.27362e+03

           Step           Time         Lambda
            860        0.86000        0.00000

Writing checkpoint, step 860 at Fri Apr 18 09:59:51 2025


   Energies (kJ/mol)
        LJ (SR)   Coulomb (SR)   Coul. recip.    Quantum En.      Potential
    1.08844e+03   -9.10824e+03    1.08227e+02   -1.43275e+06   -1.44066e+06
    Kinetic En.   Total Energy  Conserved En.    Temperature Pressure (bar)
    1.64404e+03   -1.43902e+06   -1.43905e+06    3.10898e+02   -1.30689e+03

           Step           Time         Lambda
            870        0.87000        0.00000

   Energies (kJ/mol)
        LJ (SR)   Coulomb (SR)   Coul. recip.    Quantum En.      Potential
    1.05175e+03   -9.11619e+03    1.09518e+02   -1.43277e+06   -1.44072e+06
    Kinetic En.   Total Energy  Conserved En.    Temperature Pressure (bar)
    1.68293e+03   -1.43904e+06   -1.43905e+06    3.18253e+02   -1.97552e+03

           Step           Time         Lambda
            880        0.88000        0.00000

Writing checkpoint, step 880 at Fri Apr 18 10:23:10 2025


   Energies (kJ/mol)
        LJ (SR)   Coulomb (SR)   Coul. recip.    Quantum En.      Potential
    1.07193e+03   -9.13082e+03    1.05918e+02   -1.43272e+06   -1.44067e+06
    Kinetic En.   Total Energy  Conserved En.    Temperature Pressure (bar)
    1.63324e+03   -1.43904e+06   -1.43905e+06    3.08855e+02   -2.94750e+03

           Step           Time         Lambda
            890        0.89000        0.00000

   Energies (kJ/mol)
        LJ (SR)   Coulomb (SR)   Coul. recip.    Quantum En.      Potential
    1.12580e+03   -9.12592e+03    1.16462e+02   -1.43276e+06   -1.44065e+06
    Kinetic En.   Total Energy  Conserved En.    Temperature Pressure (bar)
    1.56350e+03   -1.43908e+06   -1.43905e+06    2.95668e+02   -2.12566e+03

           Step           Time         Lambda
            900        0.90000        0.00000

Writing checkpoint, step 900 at Fri Apr 18 10:46:52 2025


   Energies (kJ/mol)
        LJ (SR)   Coulomb (SR)   Coul. recip.    Quantum En.      Potential
    1.16860e+03   -9.16379e+03    1.05398e+02   -1.43272e+06   -1.44061e+06
    Kinetic En.   Total Energy  Conserved En.    Temperature Pressure (bar)
    1.52965e+03   -1.43908e+06   -1.43905e+06    2.89266e+02   -4.44346e+02

           Step           Time         Lambda
            910        0.91000        0.00000

   Energies (kJ/mol)
        LJ (SR)   Coulomb (SR)   Coul. recip.    Quantum En.      Potential
    1.17002e+03   -9.13798e+03    1.06745e+02   -1.43276e+06   -1.44062e+06
    Kinetic En.   Total Energy  Conserved En.    Temperature Pressure (bar)
    1.55755e+03   -1.43907e+06   -1.43905e+06    2.94542e+02   -1.65298e+03

           Step           Time         Lambda
            920        0.92000        0.00000

Writing checkpoint, step 920 at Fri Apr 18 11:10:39 2025


   Energies (kJ/mol)
        LJ (SR)   Coulomb (SR)   Coul. recip.    Quantum En.      Potential
    1.16996e+03   -9.20388e+03    1.03765e+02   -1.43272e+06   -1.44065e+06
    Kinetic En.   Total Energy  Conserved En.    Temperature Pressure (bar)
    1.58654e+03   -1.43907e+06   -1.43905e+06    3.00024e+02   -2.45137e+03

           Step           Time         Lambda
            930        0.93000        0.00000

   Energies (kJ/mol)
        LJ (SR)   Coulomb (SR)   Coul. recip.    Quantum En.      Potential
    1.19304e+03   -9.16220e+03    1.17262e+02   -1.43277e+06   -1.44062e+06
    Kinetic En.   Total Energy  Conserved En.    Temperature Pressure (bar)
    1.53752e+03   -1.43908e+06   -1.43905e+06    2.90755e+02   -1.01933e+03

           Step           Time         Lambda
            940        0.94000        0.00000

Writing checkpoint, step 940 at Fri Apr 18 11:34:27 2025


   Energies (kJ/mol)
        LJ (SR)   Coulomb (SR)   Coul. recip.    Quantum En.      Potential
    1.18713e+03   -9.16537e+03    1.07393e+02   -1.43275e+06   -1.44062e+06
    Kinetic En.   Total Energy  Conserved En.    Temperature Pressure (bar)
    1.53837e+03   -1.43908e+06   -1.43905e+06    2.90915e+02   -7.49614e+02

           Step           Time         Lambda
            950        0.95000        0.00000

   Energies (kJ/mol)
        LJ (SR)   Coulomb (SR)   Coul. recip.    Quantum En.      Potential
    1.14809e+03   -9.12967e+03    1.06453e+02   -1.43273e+06   -1.44061e+06
    Kinetic En.   Total Energy  Conserved En.    Temperature Pressure (bar)
    1.50068e+03   -1.43911e+06   -1.43905e+06    2.83789e+02   -2.44815e+03

           Step           Time         Lambda
            960        0.96000        0.00000

Writing checkpoint, step 960 at Fri Apr 18 11:58:29 2025


   Energies (kJ/mol)
        LJ (SR)   Coulomb (SR)   Coul. recip.    Quantum En.      Potential
    1.10326e+03   -9.10792e+03    1.02627e+02   -1.43275e+06   -1.44065e+06
    Kinetic En.   Total Energy  Conserved En.    Temperature Pressure (bar)
    1.53930e+03   -1.43911e+06   -1.43905e+06    2.91092e+02   -2.49704e+03

           Step           Time         Lambda
            970        0.97000        0.00000

   Energies (kJ/mol)
        LJ (SR)   Coulomb (SR)   Coul. recip.    Quantum En.      Potential
    1.08657e+03   -9.13159e+03    1.17672e+02   -1.43273e+06   -1.44066e+06
    Kinetic En.   Total Energy  Conserved En.    Temperature Pressure (bar)
    1.45141e+03   -1.43921e+06   -1.43905e+06    2.74471e+02   -1.34164e+03

           Step           Time         Lambda
            980        0.98000        0.00000

Writing checkpoint, step 980 at Fri Apr 18 12:22:13 2025


   Energies (kJ/mol)
        LJ (SR)   Coulomb (SR)   Coul. recip.    Quantum En.      Potential
    1.09562e+03   -9.14784e+03    1.22835e+02   -1.43277e+06   -1.44070e+06
    Kinetic En.   Total Energy  Conserved En.    Temperature Pressure (bar)
    1.49171e+03   -1.43921e+06   -1.43905e+06    2.82091e+02   -2.22415e+03

           Step           Time         Lambda
            990        0.99000        0.00000

   Energies (kJ/mol)
        LJ (SR)   Coulomb (SR)   Coul. recip.    Quantum En.      Potential
    1.10219e+03   -9.15231e+03    1.07372e+02   -1.43272e+06   -1.44066e+06
    Kinetic En.   Total Energy  Conserved En.    Temperature Pressure (bar)
    1.44801e+03   -1.43922e+06   -1.43905e+06    2.73829e+02   -3.05082e+03

           Step           Time         Lambda
           1000        1.00000        0.00000

Writing checkpoint, step 1000 at Fri Apr 18 12:46:02 2025


   Energies (kJ/mol)
        LJ (SR)   Coulomb (SR)   Coul. recip.    Quantum En.      Potential
    1.08874e+03   -9.10072e+03    1.10092e+02   -1.43277e+06   -1.44067e+06
    Kinetic En.   Total Energy  Conserved En.    Temperature Pressure (bar)
    1.45949e+03   -1.43922e+06   -1.43905e+06    2.75998e+02   -2.17891e+03

	<======  ###############  ==>
	<====  A V E R A G E S  ====>
	<==  ###############  ======>

	Statistics over 1001 steps using 201 frames

   Energies (kJ/mol)
        LJ (SR)   Coulomb (SR)   Coul. recip.    Quantum En.      Potential
    1.11135e+03   -9.02981e+03    1.13612e+02   -1.43274e+06   -1.44055e+06
    Kinetic En.   Total Energy  Conserved En.    Temperature Pressure (bar)
    1.56760e+03   -1.43898e+06   -1.43904e+06    2.96443e+02   -1.94335e+03

   Total Virial (kJ/mol)
    9.77863e+02    2.59616e+01   -5.98817e+00
    2.57300e+01    9.52593e+02   -4.28647e+01
   -6.00904e+00   -4.29178e+01    1.04152e+03

   Pressure (bar)
   -1.83568e+03   -1.02921e+02    4.31141e+01
   -1.01960e+02   -1.84293e+03    1.94703e+02
    4.32008e+01    1.94923e+02   -2.15145e+03


	M E G A - F L O P S   A C C O U N T I N G

 NB=Group-cutoff nonbonded kernels    NxN=N-by-N cluster Verlet kernels
 RF=Reaction-Field  VdW=Van der Waals  QSTab=quadratic-spline table
 W3=SPC/TIP3p  W4=TIP4p (single or pairs)
 V&F=Potential and force  V=Potential only  F=Force only

 Computing:                               M-Number         M-Flops  % Flops
-----------------------------------------------------------------------------
 Pair Search distance check               6.681000          60.129     0.7
 NxN QSTab Elec. + VdW [F]               64.312832        2636.826    30.4
 NxN QSTab Elec. + VdW [V&F]             16.158992         953.381    11.0
 NxN QSTab Elec. [F]                     62.756864        2133.733    24.6
 NxN QSTab Elec. [V&F]                   15.768864         646.523     7.5
 Calc Weights                             1.909908          68.757     0.8
 Spread Q Bspline                        40.744704          81.489     0.9
 Gather F Bspline                        40.744704         244.468     2.8
 3D-FFT                                 207.659452        1661.276    19.2
 Solve PME                                0.400400          25.626     0.3
 Shift-X                                  0.032436           0.195     0.0
 Virial                                   0.136881           2.464     0.0
 Stop-CM                                  0.000636           0.006     0.0
 Calc-Ekin                                0.127836           3.452     0.0
 Constraint-V                             0.633633           5.069     0.1
 Constraint-Vir                           0.127233           3.054     0.0
 Settle                                   0.422844         136.579     1.6
-----------------------------------------------------------------------------
 Total                                                    8663.026   100.0
-----------------------------------------------------------------------------


     R E A L   C Y C L E   A N D   T I M E   A C C O U N T I N G

 Computing:         Nodes   Th.     Count  Wall t (s)     G-Cycles       %
-----------------------------------------------------------------------------
 Neighbor search        1    1         51       0.116        0.289     0.0
 Force                  1    1       1001   73604.479   184010.856    99.4
 PME mesh               1    1       1001       0.949        2.374     0.0
 NB X/F buffer ops.     1    1       1951       0.034        0.085     0.0
 Write traj.            1    1        101     447.631     1119.075     0.6
 Update                 1    1       1001       0.035        0.088     0.0
 Constraints            1    1       2002       0.171        0.429     0.0
 Rest                   1                       0.163        0.408     0.0
-----------------------------------------------------------------------------
 Total                  1                   74053.580   185133.604   100.0
-----------------------------------------------------------------------------
-----------------------------------------------------------------------------
 PME spread/gather      1    1       2002       0.547        1.366     0.0
 PME 3D-FFT             1    1       2002       0.250        0.624     0.0
 PME solve              1    1       1001       0.139        0.348     0.0
-----------------------------------------------------------------------------

               Core t (s)   Wall t (s)        (%)
       Time:        8.440    74053.580        0.0
                         20h34:13
                 (ns/day)    (hour/ns)
Performance:        0.001    20549.889
Finished mdrun on node 0 Fri Apr 18 12:46:12 2025
